Thu Jun 23 18:34:29 2022
 Ktoś próbował się nielegalnie połączyć z adresu: 16777343
Thu Jun 23 18:34:29 2022
 Ktoś próbował się nielegalnie połączyć z adresu: 16777343
Thu Jun 23 18:34:29 2022
 Ktoś próbował się nielegalnie połączyć z adresu: 16777343
Thu Jun 23 18:34:29 2022
 Ktoś próbował się nielegalnie połączyć z adresu: 16777343
Thu Jun 23 18:34:29 2022
 Ktoś próbował się nielegalnie połączyć z adresu: 16777343
Thu Jun 23 18:34:29 2022
 Ktoś próbował się nielegalnie połączyć z adresu: 16777343
Thu Jun 23 18:34:29 2022
 Ktoś próbował się nielegalnie połączyć z adresu: 16777343
Thu Jun 23 18:34:29 2022
 Ktoś próbował się nielegalnie połączyć z adresu: 16777343
Thu Jun 23 18:34:29 2022
 Ktoś próbował się nielegalnie połączyć z adresu: 16777343
Thu Jun 23 18:34:29 2022
 Ktoś próbował się nielegalnie połączyć z adresu: 16777343
Thu Jun 23 18:41:05 2022
 GET / HTTP/1.1
Host: 127.0.0.1:8080
User-Agent: Mozilla/5.0 (X11; Linux x86_64; rv:101.0) Gecko/20100101 Firefox/101.0
Accept: text/html,application/xhtml+xml,application/xml;q=0.9,image/avif,image/webp,*/*;q=0.8
Accept-Language: pl,en-US;q=0.7,en;q=0.3
Accept-Encoding: gzip, deflate, br
Connection: keep-alive
Upgrade-Insecure-Requests: 1
Sec-Fetch-Dest: document
Sec-Fetch-Mode: navigate
Sec-Fetch-Site: none
Sec-Fetch-User: ?1


Thu Jun 23 18:41:05 2022
 GET /favicon.ico HTTP/1.1
Host: 127.0.0.1:8080
User-Agent: Mozilla/5.0 (X11; Linux x86_64; rv:101.0) Gecko/20100101 Firefox/101.0
Accept: image/avif,image/webp,*/*
Accept-Language: pl,en-US;q=0.7,en;q=0.3
Accept-Encoding: gzip, deflate, br
Connection: keep-alive
Referer: http://127.0.0.1:8080/
Sec-Fetch-Dest: image
Sec-Fetch-Mode: no-cors
Sec-Fetch-Site: same-origin


Thu Jun 23 18:46:41 2022
 GET / HTTP/1.1
Host: 127.0.0.1:8080
User-Agent: Mozilla/5.0 (X11; Linux x86_64; rv:101.0) Gecko/20100101 Firefox/101.0
Accept: text/html,application/xhtml+xml,application/xml;q=0.9,image/avif,image/webp,*/*;q=0.8
Accept-Language: pl,en-US;q=0.7,en;q=0.3
Accept-Encoding: gzip, deflate, br
Connection: keep-alive
Upgrade-Insecure-Requests: 1
Sec-Fetch-Dest: document
Sec-Fetch-Mode: navigate
Sec-Fetch-Site: none
Sec-Fetch-User: ?1


Thu Jun 23 18:46:41 2022
 GET /favicon.ico HTTP/1.1
Host: 127.0.0.1:8080
User-Agent: Mozilla/5.0 (X11; Linux x86_64; rv:101.0) Gecko/20100101 Firefox/101.0
Accept: image/avif,image/webp,*/*
Accept-Language: pl,en-US;q=0.7,en;q=0.3
Accept-Encoding: gzip, deflate, br
Connection: keep-alive
Referer: http://127.0.0.1:8080/
Sec-Fetch-Dest: image
Sec-Fetch-Mode: no-cors
Sec-Fetch-Site: same-origin


Thu Jun 23 19:04:27 2022
 GET / HTTP/1.1
Host: 127.0.0.1:8080
User-Agent: Mozilla/5.0 (X11; Linux x86_64; rv:101.0) Gecko/20100101 Firefox/101.0
Accept: text/html,application/xhtml+xml,application/xml;q=0.9,image/avif,image/webp,*/*;q=0.8
Accept-Language: pl,en-US;q=0.7,en;q=0.3
Accept-Encoding: gzip, deflate, br
Connection: keep-alive
Upgrade-Insecure-Requests: 1
Sec-Fetch-Dest: document
Sec-Fetch-Mode: navigate
Sec-Fetch-Site: none
Sec-Fetch-User: ?1


Thu Jun 23 19:38:41 2022
 GET / HTTP/1.1
Host: 127.0.0.1:8080
User-Agent: Mozilla/5.0 (X11; Linux x86_64; rv:101.0) Gecko/20100101 Firefox/101.0
Accept: text/html,application/xhtml+xml,application/xml;q=0.9,image/avif,image/webp,*/*;q=0.8
Accept-Language: pl,en-US;q=0.7,en;q=0.3
Accept-Encoding: gzip, deflate, br
Connection: keep-alive
Upgrade-Insecure-Requests: 1
Sec-Fetch-Dest: document
Sec-Fetch-Mode: navigate
Sec-Fetch-Site: none
Sec-Fetch-User: ?1


Thu Jun 23 19:38:41 2022
 GET /favicon.ico HTTP/1.1
Host: 127.0.0.1:8080
User-Agent: Mozilla/5.0 (X11; Linux x86_64; rv:101.0) Gecko/20100101 Firefox/101.0
Accept: image/avif,image/webp,*/*
Accept-Language: pl,en-US;q=0.7,en;q=0.3
Accept-Encoding: gzip, deflate, br
Connection: keep-alive
Referer: http://127.0.0.1:8080/
Sec-Fetch-Dest: image
Sec-Fetch-Mode: no-cors
Sec-Fetch-Site: same-origin


Thu Jun 23 19:54:17 2022
 GET / HTTP/1.1
Host: 127.0.0.1:8080
User-Agent: Mozilla/5.0 (X11; Linux x86_64; rv:101.0) Gecko/20100101 Firefox/101.0
Accept: text/html,application/xhtml+xml,application/xml;q=0.9,image/avif,image/webp,*/*;q=0.8
Accept-Language: pl,en-US;q=0.7,en;q=0.3
Accept-Encoding: gzip, deflate, br
Connection: keep-alive
Upgrade-Insecure-Requests: 1
Sec-Fetch-Dest: document
Sec-Fetch-Mode: navigate
Sec-Fetch-Site: none
Sec-Fetch-User: ?1


Thu Jun 23 19:54:17 2022
 GET /favicon.ico HTTP/1.1
Host: 127.0.0.1:8080
User-Agent: Mozilla/5.0 (X11; Linux x86_64; rv:101.0) Gecko/20100101 Firefox/101.0
Accept: image/avif,image/webp,*/*
Accept-Language: pl,en-US;q=0.7,en;q=0.3
Accept-Encoding: gzip, deflate, br
Connection: keep-alive
Referer: http://127.0.0.1:8080/
Sec-Fetch-Dest: image
Sec-Fetch-Mode: no-cors
Sec-Fetch-Site: same-origin


Thu Jun 23 19:54:17 2022
 GET / HTTP/1.1
Host: 127.0.0.1:8081
User-Agent: Mozilla/5.0 (X11; Linux x86_64; rv:101.0) Gecko/20100101 Firefox/101.0
Accept: text/html,application/xhtml+xml,application/xml;q=0.9,image/avif,image/webp,*/*;q=0.8
Accept-Language: pl,en-US;q=0.7,en;q=0.3
Accept-Encoding: gzip, deflate, br
Connection: keep-alive
Upgrade-Insecure-Requests: 1
Sec-Fetch-Dest: document
Sec-Fetch-Mode: navigate
Sec-Fetch-Site: none
Sec-Fetch-User: ?1


Thu Jun 23 19:54:17 2022
 GET /favicon.ico HTTP/1.1
Host: 127.0.0.1:8081
User-Agent: Mozilla/5.0 (X11; Linux x86_64; rv:101.0) Gecko/20100101 Firefox/101.0
Accept: image/avif,image/webp,*/*
Accept-Language: pl,en-US;q=0.7,en;q=0.3
Accept-Encoding: gzip, deflate, br
Connection: keep-alive
Referer: http://127.0.0.1:8081/
Sec-Fetch-Dest: image
Sec-Fetch-Mode: no-cors
Sec-Fetch-Site: same-origin


Thu Jun 23 19:55:37 2022
 GET / HTTP/1.1
Host: 127.0.0.1:8081
User-Agent: Mozilla/5.0 (X11; Linux x86_64; rv:101.0) Gecko/20100101 Firefox/101.0
Accept: text/html,application/xhtml+xml,application/xml;q=0.9,image/avif,image/webp,*/*;q=0.8
Accept-Language: pl,en-US;q=0.7,en;q=0.3
Accept-Encoding: gzip, deflate, br
Connection: keep-alive
Upgrade-Insecure-Requests: 1
Sec-Fetch-Dest: document
Sec-Fetch-Mode: navigate
Sec-Fetch-Site: none
Sec-Fetch-User: ?1


Thu Jun 23 19:55:37 2022
 GET /favicon.ico HTTP/1.1
Host: 127.0.0.1:8081
User-Agent: Mozilla/5.0 (X11; Linux x86_64; rv:101.0) Gecko/20100101 Firefox/101.0
Accept: image/avif,image/webp,*/*
Accept-Language: pl,en-US;q=0.7,en;q=0.3
Accept-Encoding: gzip, deflate, br
Connection: keep-alive
Referer: http://127.0.0.1:8081/
Sec-Fetch-Dest: image
Sec-Fetch-Mode: no-cors
Sec-Fetch-Site: same-origin


Thu Jun 23 19:55:37 2022
 GET / HTTP/1.1
Host: 127.0.0.1:8080
User-Agent: Mozilla/5.0 (X11; Linux x86_64; rv:101.0) Gecko/20100101 Firefox/101.0
Accept: text/html,application/xhtml+xml,application/xml;q=0.9,image/avif,image/webp,*/*;q=0.8
Accept-Language: pl,en-US;q=0.7,en;q=0.3
Accept-Encoding: gzip, deflate, br
Connection: keep-alive
Upgrade-Insecure-Requests: 1
Sec-Fetch-Dest: document
Sec-Fetch-Mode: navigate
Sec-Fetch-Site: none
Sec-Fetch-User: ?1


Thu Jun 23 19:55:37 2022
 GET /favicon.ico HTTP/1.1
Host: 127.0.0.1:8080
User-Agent: Mozilla/5.0 (X11; Linux x86_64; rv:101.0) Gecko/20100101 Firefox/101.0
Accept: image/avif,image/webp,*/*
Accept-Language: pl,en-US;q=0.7,en;q=0.3
Accept-Encoding: gzip, deflate, br
Connection: keep-alive
Referer: http://127.0.0.1:8080/
Sec-Fetch-Dest: image
Sec-Fetch-Mode: no-cors
Sec-Fetch-Site: same-origin


Thu Jun 23 19:55:37 2022
 GET / HTTP/1.1
Host: 127.0.0.1:8080
User-Agent: Mozilla/5.0 (X11; Linux x86_64; rv:101.0) Gecko/20100101 Firefox/101.0
Accept: text/html,application/xhtml+xml,application/xml;q=0.9,image/avif,image/webp,*/*;q=0.8
Accept-Language: pl,en-US;q=0.7,en;q=0.3
Accept-Encoding: gzip, deflate, br
Connection: keep-alive
Upgrade-Insecure-Requests: 1
Sec-Fetch-Dest: document
Sec-Fetch-Mode: navigate
Sec-Fetch-Site: none
Sec-Fetch-User: ?1


Thu Jun 23 19:55:37 2022
 GET /favicon.ico HTTP/1.1
Host: 127.0.0.1:8080
User-Agent: Mozilla/5.0 (X11; Linux x86_64; rv:101.0) Gecko/20100101 Firefox/101.0
Accept: image/avif,image/webp,*/*
Accept-Language: pl,en-US;q=0.7,en;q=0.3
Accept-Encoding: gzip, deflate, br
Connection: keep-alive
Referer: http://127.0.0.1:8080/
Sec-Fetch-Dest: image
Sec-Fetch-Mode: no-cors
Sec-Fetch-Site: same-origin


Thu Jun 23 19:55:37 2022
 GET / HTTP/1.1
Host: 127.0.0.1:8080
User-Agent: Mozilla/5.0 (X11; Linux x86_64; rv:101.0) Gecko/20100101 Firefox/101.0
Accept: text/html,application/xhtml+xml,application/xml;q=0.9,image/avif,image/webp,*/*;q=0.8
Accept-Language: pl,en-US;q=0.7,en;q=0.3
Accept-Encoding: gzip, deflate, br
Connection: keep-alive
Upgrade-Insecure-Requests: 1
Sec-Fetch-Dest: document
Sec-Fetch-Mode: navigate
Sec-Fetch-Site: none
Sec-Fetch-User: ?1


Thu Jun 23 19:55:37 2022
 GET /favicon.ico HTTP/1.1
Host: 127.0.0.1:8080
User-Agent: Mozilla/5.0 (X11; Linux x86_64; rv:101.0) Gecko/20100101 Firefox/101.0
Accept: image/avif,image/webp,*/*
Accept-Language: pl,en-US;q=0.7,en;q=0.3
Accept-Encoding: gzip, deflate, br
Connection: keep-alive
Referer: http://127.0.0.1:8080/
Sec-Fetch-Dest: image
Sec-Fetch-Mode: no-cors
Sec-Fetch-Site: same-origin


Thu Jun 23 19:55:37 2022
 GET / HTTP/1.1
Host: 127.0.0.1:8080
User-Agent: Mozilla/5.0 (X11; Linux x86_64; rv:101.0) Gecko/20100101 Firefox/101.0
Accept: text/html,application/xhtml+xml,application/xml;q=0.9,image/avif,image/webp,*/*;q=0.8
Accept-Language: pl,en-US;q=0.7,en;q=0.3
Accept-Encoding: gzip, deflate, br
Connection: keep-alive
Upgrade-Insecure-Requests: 1
Sec-Fetch-Dest: document
Sec-Fetch-Mode: navigate
Sec-Fetch-Site: none
Sec-Fetch-User: ?1


Thu Jun 23 19:55:37 2022
 GET / HTTP/1.1
Host: 127.0.0.1:8080
User-Agent: Mozilla/5.0 (X11; Linux x86_64; rv:101.0) Gecko/20100101 Firefox/101.0
Accept: text/html,application/xhtml+xml,application/xml;q=0.9,image/avif,image/webp,*/*;q=0.8
Accept-Language: pl,en-US;q=0.7,en;q=0.3
Accept-Encoding: gzip, deflate, br
Connection: keep-alive
Upgrade-Insecure-Requests: 1
Sec-Fetch-Dest: document
Sec-Fetch-Mode: navigate
Sec-Fetch-Site: none
Sec-Fetch-User: ?1


Thu Jun 23 19:55:37 2022
 GET /favicon.ico HTTP/1.1
Host: 127.0.0.1:8080
User-Agent: Mozilla/5.0 (X11; Linux x86_64; rv:101.0) Gecko/20100101 Firefox/101.0
Accept: image/avif,image/webp,*/*
Accept-Language: pl,en-US;q=0.7,en;q=0.3
Accept-Encoding: gzip, deflate, br
Connection: keep-alive
Referer: http://127.0.0.1:8080/
Sec-Fetch-Dest: image
Sec-Fetch-Mode: no-cors
Sec-Fetch-Site: same-origin


Thu Jun 23 19:55:37 2022
 GET / HTTP/1.1
Host: 127.0.0.1:8080
User-Agent: Mozilla/5.0 (X11; Linux x86_64; rv:101.0) Gecko/20100101 Firefox/101.0
Accept: text/html,application/xhtml+xml,application/xml;q=0.9,image/avif,image/webp,*/*;q=0.8
Accept-Language: pl,en-US;q=0.7,en;q=0.3
Accept-Encoding: gzip, deflate, br
Connection: keep-alive
Upgrade-Insecure-Requests: 1
Sec-Fetch-Dest: document
Sec-Fetch-Mode: navigate
Sec-Fetch-Site: none
Sec-Fetch-User: ?1


Thu Jun 23 19:55:37 2022
 GET /favicon.ico HTTP/1.1
Host: 127.0.0.1:8080
User-Agent: Mozilla/5.0 (X11; Linux x86_64; rv:101.0) Gecko/20100101 Firefox/101.0
Accept: image/avif,image/webp,*/*
Accept-Language: pl,en-US;q=0.7,en;q=0.3
Accept-Encoding: gzip, deflate, br
Connection: keep-alive
Referer: http://127.0.0.1:8080/
Sec-Fetch-Dest: image
Sec-Fetch-Mode: no-cors
Sec-Fetch-Site: same-origin


Thu Jun 23 19:55:37 2022
 GET / HTTP/1.1
Host: 127.0.0.1:8080
User-Agent: Mozilla/5.0 (X11; Linux x86_64; rv:101.0) Gecko/20100101 Firefox/101.0
Accept: text/html,application/xhtml+xml,application/xml;q=0.9,image/avif,image/webp,*/*;q=0.8
Accept-Language: pl,en-US;q=0.7,en;q=0.3
Accept-Encoding: gzip, deflate, br
Connection: keep-alive
Upgrade-Insecure-Requests: 1
Sec-Fetch-Dest: document
Sec-Fetch-Mode: navigate
Sec-Fetch-Site: none
Sec-Fetch-User: ?1


Thu Jun 23 19:55:37 2022
 GET / HTTP/1.1
Host: 127.0.0.1:8080
User-Agent: Mozilla/5.0 (X11; Linux x86_64; rv:101.0) Gecko/20100101 Firefox/101.0
Accept: text/html,application/xhtml+xml,application/xml;q=0.9,image/avif,image/webp,*/*;q=0.8
Accept-Language: pl,en-US;q=0.7,en;q=0.3
Accept-Encoding: gzip, deflate, br
Connection: keep-alive
Upgrade-Insecure-Requests: 1
Sec-Fetch-Dest: document
Sec-Fetch-Mode: navigate
Sec-Fetch-Site: none
Sec-Fetch-User: ?1


Thu Jun 23 19:55:37 2022
 GET / HTTP/1.1
Host: 127.0.0.1:8080
User-Agent: Mozilla/5.0 (X11; Linux x86_64; rv:101.0) Gecko/20100101 Firefox/101.0
Accept: text/html,application/xhtml+xml,application/xml;q=0.9,image/avif,image/webp,*/*;q=0.8
Accept-Language: pl,en-US;q=0.7,en;q=0.3
Accept-Encoding: gzip, deflate, br
Connection: keep-alive
Upgrade-Insecure-Requests: 1
Sec-Fetch-Dest: document
Sec-Fetch-Mode: navigate
Sec-Fetch-Site: none
Sec-Fetch-User: ?1


Thu Jun 23 19:55:37 2022
 GET / HTTP/1.1
Host: 127.0.0.1:8080
User-Agent: Mozilla/5.0 (X11; Linux x86_64; rv:101.0) Gecko/20100101 Firefox/101.0
Accept: text/html,application/xhtml+xml,application/xml;q=0.9,image/avif,image/webp,*/*;q=0.8
Accept-Language: pl,en-US;q=0.7,en;q=0.3
Accept-Encoding: gzip, deflate, br
Connection: keep-alive
Upgrade-Insecure-Requests: 1
Sec-Fetch-Dest: document
Sec-Fetch-Mode: navigate
Sec-Fetch-Site: none
Sec-Fetch-User: ?1


Thu Jun 23 19:55:37 2022
 GET / HTTP/1.1
Host: 127.0.0.1:8080
User-Agent: Mozilla/5.0 (X11; Linux x86_64; rv:101.0) Gecko/20100101 Firefox/101.0
Accept: text/html,application/xhtml+xml,application/xml;q=0.9,image/avif,image/webp,*/*;q=0.8
Accept-Language: pl,en-US;q=0.7,en;q=0.3
Accept-Encoding: gzip, deflate, br
Connection: keep-alive
Upgrade-Insecure-Requests: 1
Sec-Fetch-Dest: document
Sec-Fetch-Mode: navigate
Sec-Fetch-Site: none
Sec-Fetch-User: ?1


Thu Jun 23 19:55:37 2022
 GET / HTTP/1.1
Host: 127.0.0.1:8080
User-Agent: Mozilla/5.0 (X11; Linux x86_64; rv:101.0) Gecko/20100101 Firefox/101.0
Accept: text/html,application/xhtml+xml,application/xml;q=0.9,image/avif,image/webp,*/*;q=0.8
Accept-Language: pl,en-US;q=0.7,en;q=0.3
Accept-Encoding: gzip, deflate, br
Connection: keep-alive
Upgrade-Insecure-Requests: 1
Sec-Fetch-Dest: document
Sec-Fetch-Mode: navigate
Sec-Fetch-Site: none
Sec-Fetch-User: ?1


Thu Jun 23 19:55:37 2022
 GET /favicon.ico HTTP/1.1
Host: 127.0.0.1:8080
User-Agent: Mozilla/5.0 (X11; Linux x86_64; rv:101.0) Gecko/20100101 Firefox/101.0
Accept: image/avif,image/webp,*/*
Accept-Language: pl,en-US;q=0.7,en;q=0.3
Accept-Encoding: gzip, deflate, br
Connection: keep-alive
Referer: http://127.0.0.1:8080/
Sec-Fetch-Dest: image
Sec-Fetch-Mode: no-cors
Sec-Fetch-Site: same-origin


Thu Jun 23 19:55:37 2022
 GET / HTTP/1.1
Host: 127.0.0.1:8081
User-Agent: Mozilla/5.0 (X11; Linux x86_64; rv:101.0) Gecko/20100101 Firefox/101.0
Accept: text/html,application/xhtml+xml,application/xml;q=0.9,image/avif,image/webp,*/*;q=0.8
Accept-Language: pl,en-US;q=0.7,en;q=0.3
Accept-Encoding: gzip, deflate, br
Connection: keep-alive
Upgrade-Insecure-Requests: 1
Sec-Fetch-Dest: document
Sec-Fetch-Mode: navigate
Sec-Fetch-Site: none
Sec-Fetch-User: ?1


Thu Jun 23 19:55:37 2022
 GET /favicon.ico HTTP/1.1
Host: 127.0.0.1:8081
User-Agent: Mozilla/5.0 (X11; Linux x86_64; rv:101.0) Gecko/20100101 Firefox/101.0
Accept: image/avif,image/webp,*/*
Accept-Language: pl,en-US;q=0.7,en;q=0.3
Accept-Encoding: gzip, deflate, br
Connection: keep-alive
Referer: http://127.0.0.1:8081/
Sec-Fetch-Dest: image
Sec-Fetch-Mode: no-cors
Sec-Fetch-Site: same-origin


